 BELLHOP/BELLHOP3D

 BELLHOP-  ChaoJing Buoy-Ship 002                                                
 frequency =  0.1850E+05 Hz

 Dummy parameter NMedia =            1

     C-linear approximation to SSP
     Attenuation units: dB/m
     VACUUM

 Depth =      34.00 m

 Sound speed profile:
   z (m)     alphaR (m/s)   betaR  rho (g/cm^3)  alphaI     betaI

      0.00      1533.00      0.00     1.00       0.0000    0.0000
     34.00      1533.00      0.00     1.00       0.0000    0.0000

                                 ( RMS roughness =   0.00     )
     Bathymetry file selected
     ACOUSTO-ELASTIC half-space
     34.00      1800.00    200.00     2.30      90.0000    0.0000

 __________________________________________________________________________

 Number of Source   depths, Sz =            1
 Source   depths, Sz (m)
   10.0000    


 __________________________________________________________________________

 Number of Receiver depths, Rz =            1
 Receiver depths, Rz (m)
   10.0000    


 __________________________________________________________________________

 Number of Receiver ranges, Rr =            1
 Receiver ranges, Rr (km)
  0.367820    


 Arrivals calculation, ASCII  file output
 Geometric hat beams in Cartesian coordinates
 Point source (cylindrical coordinates)
 Rectilinear receiver grid: Receivers at Rr( : ) x Rz( : )
 __________________________________________________________________________

 Number of beams in elevation   =         2001
 Beam take-off angles (degrees)
  -30.0000      -29.9700      -29.9400      -29.9100      -29.8800    
  -29.8500      -29.8200      -29.7900      -29.7600      -29.7300    
          ... 
   30.0000    

 __________________________________________________________________________


 Step length,       deltas =   1.000     m

 Maximum ray depth, Box%z  =   50.00     m
 Maximum ray range, Box%r  =  0.8678    km
 No beam shift in effect

 __________________________________________________________________________

 Using bottom-bathymetry file
 Curvilinear Interpolation
 Number of bathymetry points =           20

 Short format (bathymetry only)
  Range (km)  Depth (m)
   0.00       33.8    
  0.194E-01   33.8    
  0.387E-01   33.6    
  0.581E-01   33.2    
  0.774E-01   32.9    
  0.968E-01   32.9    
  0.116       32.7    
  0.136       32.5    
  0.155       32.4    
  0.174       32.4    
  0.194       32.2    
  0.213       32.2    
  0.232       32.1    
  0.252       32.0    
  0.271       31.9    
  0.290       31.8    
  0.310       31.6    
  0.329       31.4    
  0.348       31.2    

 ( Maximum # of arrivals =     20000000 )

Tracing beam       1    -30.00

 Geometric hat beams                     
 halfwidth  =    50.375797142822641     
 epsilonOpt =                (0.0000000000000000,147490980.91702613)
 EpsMult    =    1.0000000000000000     

Tracing beam      41    -28.80
Tracing beam      81    -27.60
Tracing beam     121    -26.40
Tracing beam     161    -25.20
Tracing beam     201    -24.00
Tracing beam     241    -22.80
Tracing beam     281    -21.60
Tracing beam     321    -20.40
Tracing beam     361    -19.20
Tracing beam     401    -18.00
Tracing beam     441    -16.80
Tracing beam     481    -15.60
Tracing beam     521    -14.40
Tracing beam     561    -13.20
Tracing beam     601    -12.00
Tracing beam     641    -10.80
Tracing beam     681     -9.60
Tracing beam     721     -8.40
Tracing beam     761     -7.20
Tracing beam     801     -6.00
Tracing beam     841     -4.80
Tracing beam     881     -3.60
Tracing beam     921     -2.40
Tracing beam     961     -1.20
Tracing beam    1001     -0.00
Tracing beam    1041      1.20
Tracing beam    1081      2.40
Tracing beam    1121      3.60
Tracing beam    1161      4.80
Tracing beam    1201      6.00
Tracing beam    1241      7.20
Tracing beam    1281      8.40
Tracing beam    1321      9.60
Tracing beam    1361     10.80
Tracing beam    1401     12.00
Tracing beam    1441     13.20
Tracing beam    1481     14.40
Tracing beam    1521     15.60
Tracing beam    1561     16.80
Tracing beam    1601     18.00
Tracing beam    1641     19.20
Tracing beam    1681     20.40
Tracing beam    1721     21.60
Tracing beam    1761     22.80
Tracing beam    1801     24.00
Tracing beam    1841     25.20
Tracing beam    1881     26.40
Tracing beam    1921     27.60
Tracing beam    1961     28.80
Tracing beam    2001     30.00

 CPU Time =       0.318    s
